<?xml version="1.0" encoding="UTF-8"?>
<!-- Generated by org.testng.reporters.JUnitXMLReporter -->
<testsuite ignored="3" hostname="Saavi" failures="1" tests="9" name="Test" time="3.974" errors="0" timestamp="2023-01-05T21:28:01 IST">
  <testcase classname="Test_Demo.Test_4" name="testa" time="0.012">
    <failure type="java.lang.AssertionError" message="expected [true] but found [false]">
      <![CDATA[java.lang.AssertionError: expected [true] but found [false]
at Test_Demo.Test_4.testa(Test_4.java:18)
at java.base/java.util.ArrayList.forEach(ArrayList.java:1511)
... Removed 29 stack frames]]>
    </failure>
  </testcase> <!-- testa -->
  <testcase classname="Test_Demo.Test_4" name="testb" time="0.001"/>
  <testcase classname="Test_Demo.Test_4" name="testb" time="0.002"/>
  <testcase classname="Test_Demo.Test_4" name="testb" time="0.001"/>
  <testcase classname="Test_Demo.Test_4" name="testc" time="0.0">
    <skipped/>
  </testcase> <!-- testc -->
  <testcase classname="Test_Demo.Test_3" name="testx" time="0.001"/>
  <testcase classname="Test_Demo.Test_2" name="test1" time="0.001"/>
  <testcase classname="Test_Demo.Test_2" name="test2" time="0.001"/>
  <testcase classname="Test_Demo.Test_2" name="test3" time="0.001"/>
  <testcase classname="Test_Demo.Test_3" name="testy" time="0.0">
    <ignored/>
  </testcase> <!-- testy -->
  <testcase classname="Test_Demo.Test_3" name="testb" time="0.0">
    <ignored/>
  </testcase> <!-- testb -->
  <testcase classname="Test_Demo.Test_3" name="testz" time="0.0">
    <ignored/>
  </testcase> <!-- testz -->
</testsuite> <!-- Test -->
